[debug] [2024-02-01T16:13:22.465Z] ----------------------------------------------------------------------
[debug] [2024-02-01T16:13:22.471Z] Command:       C:\Program Files\nodejs\node.exe C:\Users\Lidija\AppData\Roaming\npm\node_modules\firebase-tools\lib\bin\firebase.js init
[debug] [2024-02-01T16:13:22.472Z] CLI Version:   13.1.0
[debug] [2024-02-01T16:13:22.472Z] Platform:      win32
[debug] [2024-02-01T16:13:22.473Z] Node Version:  v21.4.0
[debug] [2024-02-01T16:13:22.473Z] Time:          Thu Feb 01 2024 17:13:22 GMT+0100 (srednjoeuropsko standardno vrijeme)
[debug] [2024-02-01T16:13:22.473Z] ----------------------------------------------------------------------
[debug] 
[debug] [2024-02-01T16:13:22.491Z] > command requires scopes: ["email","openid","https://www.googleapis.com/auth/cloudplatformprojects.readonly","https://www.googleapis.com/auth/firebase","https://www.googleapis.com/auth/cloud-platform"]
[debug] [2024-02-01T16:13:22.491Z] > authorizing via signed-in user (josip.skrlecvk@gmail.com)
[info] 
     ######## #### ########  ######## ########     ###     ######  ########
     ##        ##  ##     ## ##       ##     ##  ##   ##  ##       ##
     ######    ##  ########  ######   ########  #########  ######  ######
     ##        ##  ##    ##  ##       ##     ## ##     ##       ## ##
     ##       #### ##     ## ######## ########  ##     ##  ######  ########

You're about to initialize a Firebase project in this directory:

  C:\Users\Lidija\Desktop\Lidac\Lidija-Erasmus

[info] 
=== Project Setup
[info] 
[info] First, let's associate this project directory with a Firebase project.
[info] You can create multiple project aliases by running firebase use --add, 
[info] but for now we'll just set up a default project.
[info] 
[debug] [2024-02-01T16:13:56.883Z] > refreshing access token with scopes: []
[debug] [2024-02-01T16:13:56.885Z] >>> [apiv2][query] POST https://www.googleapis.com/oauth2/v3/token [none]
[debug] [2024-02-01T16:13:56.885Z] >>> [apiv2][body] POST https://www.googleapis.com/oauth2/v3/token [omitted]
[debug] [2024-02-01T16:13:57.316Z] <<< [apiv2][status] POST https://www.googleapis.com/oauth2/v3/token 200
[debug] [2024-02-01T16:13:57.316Z] <<< [apiv2][body] POST https://www.googleapis.com/oauth2/v3/token [omitted]
[debug] [2024-02-01T16:13:57.334Z] >>> [apiv2][query] GET https://firebase.googleapis.com/v1beta1/projects pageSize=100
[debug] [2024-02-01T16:13:58.031Z] <<< [apiv2][status] GET https://firebase.googleapis.com/v1beta1/projects 200
[debug] [2024-02-01T16:13:58.031Z] <<< [apiv2][body] GET https://firebase.googleapis.com/v1beta1/projects [omitted]
[info] i  Using project lidija-erasmus (Lidija-erasmus) 
[info] 
=== Database Setup
[info] i  database: ensuring required API firebasedatabase.googleapis.com is enabled... 
[debug] [2024-02-01T16:14:04.044Z] >>> [apiv2][query] GET https://serviceusage.googleapis.com/v1/projects/lidija-erasmus/services/firebasedatabase.googleapis.com [none]
[debug] [2024-02-01T16:14:04.044Z] >>> [apiv2][(partial)header] GET https://serviceusage.googleapis.com/v1/projects/lidija-erasmus/services/firebasedatabase.googleapis.com x-goog-quota-user=projects/lidija-erasmus
[debug] [2024-02-01T16:14:05.263Z] <<< [apiv2][status] GET https://serviceusage.googleapis.com/v1/projects/lidija-erasmus/services/firebasedatabase.googleapis.com 200
[debug] [2024-02-01T16:14:05.263Z] <<< [apiv2][body] GET https://serviceusage.googleapis.com/v1/projects/lidija-erasmus/services/firebasedatabase.googleapis.com [omitted]
[info] +  database: required API firebasedatabase.googleapis.com is enabled 
[info] 
[debug] [2024-02-01T16:14:05.264Z] >>> [apiv2][query] GET https://firebasedatabase.googleapis.com/v1beta/projects/lidija-erasmus/locations/-/instances/lidija-erasmus-default-rtdb [none]
[debug] [2024-02-01T16:14:06.404Z] <<< [apiv2][status] GET https://firebasedatabase.googleapis.com/v1beta/projects/lidija-erasmus/locations/-/instances/lidija-erasmus-default-rtdb 200
[debug] [2024-02-01T16:14:06.404Z] <<< [apiv2][body] GET https://firebasedatabase.googleapis.com/v1beta/projects/lidija-erasmus/locations/-/instances/lidija-erasmus-default-rtdb {"name":"projects/211007030070/locations/europe-west1/instances/lidija-erasmus-default-rtdb","project":"projects/211007030070","databaseUrl":"https://lidija-erasmus-default-rtdb.europe-west1.firebasedatabase.app","type":"DEFAULT_DATABASE","state":"ACTIVE"}
[info] 
[info] Firebase Realtime Database Security Rules allow you to define how your data should be
[info] structured and when your data can be read from and written to.
[info] 
[info] Skipping overwrite of Realtime Database Security Rules.
[info] The security rules defined in database.rules.json will be published when you run firebase deploy.
[info] 
=== Firestore Setup
[debug] [2024-02-01T16:18:03.684Z] >>> [apiv2][query] GET https://serviceusage.googleapis.com/v1/projects/lidija-erasmus/services/firestore.googleapis.com [none]
[debug] [2024-02-01T16:18:03.684Z] >>> [apiv2][(partial)header] GET https://serviceusage.googleapis.com/v1/projects/lidija-erasmus/services/firestore.googleapis.com x-goog-quota-user=projects/lidija-erasmus
[debug] [2024-02-01T16:18:04.879Z] <<< [apiv2][status] GET https://serviceusage.googleapis.com/v1/projects/lidija-erasmus/services/firestore.googleapis.com 200
[debug] [2024-02-01T16:18:04.879Z] <<< [apiv2][body] GET https://serviceusage.googleapis.com/v1/projects/lidija-erasmus/services/firestore.googleapis.com [omitted]
[debug] [2024-02-01T16:18:04.880Z] >>> [apiv2][query] GET https://firestore.googleapis.com/v1/projects/lidija-erasmus/databases/(default) [none]
[debug] [2024-02-01T16:18:05.405Z] <<< [apiv2][status] GET https://firestore.googleapis.com/v1/projects/lidija-erasmus/databases/(default) 200
[debug] [2024-02-01T16:18:05.406Z] <<< [apiv2][body] GET https://firestore.googleapis.com/v1/projects/lidija-erasmus/databases/(default) {"name":"projects/lidija-erasmus/databases/(default)","uid":"618116a7-5e83-4a01-8d04-b1c1b9dc926d","createTime":"2024-01-30T09:51:54.560589Z","updateTime":"2024-01-30T09:51:54.560589Z","locationId":"eur3","type":"FIRESTORE_NATIVE","concurrencyMode":"PESSIMISTIC","versionRetentionPeriod":"3600s","earliestVersionTime":"2024-02-01T15:18:04.773232Z","appEngineIntegrationMode":"DISABLED","keyPrefix":"e","pointInTimeRecoveryEnablement":"POINT_IN_TIME_RECOVERY_DISABLED","deleteProtectionState":"DELETE_PROTECTION_DISABLED","etag":"IK+h4bjFioQDMKD8v5PshIQD"}
[debug] [2024-02-01T16:18:05.406Z] database_type: FIRESTORE_NATIVE
[debug] [2024-02-01T16:18:05.406Z] > command requires scopes: ["email","openid","https://www.googleapis.com/auth/cloudplatformprojects.readonly","https://www.googleapis.com/auth/firebase","https://www.googleapis.com/auth/cloud-platform"]
[debug] [2024-02-01T16:18:05.406Z] > authorizing via signed-in user (josip.skrlecvk@gmail.com)
[debug] [2024-02-01T16:18:05.406Z] [iam] checking project lidija-erasmus for permissions ["firebase.projects.get"]
[debug] [2024-02-01T16:18:05.407Z] >>> [apiv2][query] POST https://cloudresourcemanager.googleapis.com/v1/projects/lidija-erasmus:testIamPermissions [none]
[debug] [2024-02-01T16:18:05.407Z] >>> [apiv2][(partial)header] POST https://cloudresourcemanager.googleapis.com/v1/projects/lidija-erasmus:testIamPermissions x-goog-quota-user=projects/lidija-erasmus
[debug] [2024-02-01T16:18:05.407Z] >>> [apiv2][body] POST https://cloudresourcemanager.googleapis.com/v1/projects/lidija-erasmus:testIamPermissions {"permissions":["firebase.projects.get"]}
[debug] [2024-02-01T16:18:06.441Z] <<< [apiv2][status] POST https://cloudresourcemanager.googleapis.com/v1/projects/lidija-erasmus:testIamPermissions 200
[debug] [2024-02-01T16:18:06.442Z] <<< [apiv2][body] POST https://cloudresourcemanager.googleapis.com/v1/projects/lidija-erasmus:testIamPermissions {"permissions":["firebase.projects.get"]}
[info] 
[info] Firestore Security Rules allow you to define how and when to allow
[info] requests. You can keep these rules in your project directory
[info] and publish them with firebase deploy.
[info] 
[info] 
[info] Firestore indexes allow you to perform complex queries while
[info] maintaining performance that scales with the size of the result
[info] set. You can keep index definitions in your project directory
[info] and publish them with firebase deploy.
[info] 
[info] 
=== Functions Setup
[debug] [2024-02-01T16:18:43.865Z] > command requires scopes: ["email","openid","https://www.googleapis.com/auth/cloudplatformprojects.readonly","https://www.googleapis.com/auth/firebase","https://www.googleapis.com/auth/cloud-platform"]
[debug] [2024-02-01T16:18:43.866Z] > authorizing via signed-in user (josip.skrlecvk@gmail.com)
[debug] [2024-02-01T16:18:43.866Z] [iam] checking project lidija-erasmus for permissions ["firebase.projects.get"]
[debug] [2024-02-01T16:18:43.866Z] >>> [apiv2][query] POST https://cloudresourcemanager.googleapis.com/v1/projects/lidija-erasmus:testIamPermissions [none]
[debug] [2024-02-01T16:18:43.866Z] >>> [apiv2][(partial)header] POST https://cloudresourcemanager.googleapis.com/v1/projects/lidija-erasmus:testIamPermissions x-goog-quota-user=projects/lidija-erasmus
[debug] [2024-02-01T16:18:43.866Z] >>> [apiv2][body] POST https://cloudresourcemanager.googleapis.com/v1/projects/lidija-erasmus:testIamPermissions {"permissions":["firebase.projects.get"]}
[debug] [2024-02-01T16:18:44.794Z] <<< [apiv2][status] POST https://cloudresourcemanager.googleapis.com/v1/projects/lidija-erasmus:testIamPermissions 200
[debug] [2024-02-01T16:18:44.794Z] <<< [apiv2][body] POST https://cloudresourcemanager.googleapis.com/v1/projects/lidija-erasmus:testIamPermissions {"permissions":["firebase.projects.get"]}
[debug] [2024-02-01T16:18:44.794Z] >>> [apiv2][query] GET https://serviceusage.googleapis.com/v1/projects/lidija-erasmus/services/cloudfunctions.googleapis.com [none]
[debug] [2024-02-01T16:18:44.794Z] >>> [apiv2][(partial)header] GET https://serviceusage.googleapis.com/v1/projects/lidija-erasmus/services/cloudfunctions.googleapis.com x-goog-quota-user=projects/lidija-erasmus
[debug] [2024-02-01T16:18:44.797Z] >>> [apiv2][query] GET https://serviceusage.googleapis.com/v1/projects/lidija-erasmus/services/runtimeconfig.googleapis.com [none]
[debug] [2024-02-01T16:18:44.797Z] >>> [apiv2][(partial)header] GET https://serviceusage.googleapis.com/v1/projects/lidija-erasmus/services/runtimeconfig.googleapis.com x-goog-quota-user=projects/lidija-erasmus
[debug] [2024-02-01T16:18:45.936Z] <<< [apiv2][status] GET https://serviceusage.googleapis.com/v1/projects/lidija-erasmus/services/runtimeconfig.googleapis.com 200
[debug] [2024-02-01T16:18:45.936Z] <<< [apiv2][body] GET https://serviceusage.googleapis.com/v1/projects/lidija-erasmus/services/runtimeconfig.googleapis.com [omitted]
[debug] [2024-02-01T16:18:45.981Z] <<< [apiv2][status] GET https://serviceusage.googleapis.com/v1/projects/lidija-erasmus/services/cloudfunctions.googleapis.com 200
[debug] [2024-02-01T16:18:45.982Z] <<< [apiv2][body] GET https://serviceusage.googleapis.com/v1/projects/lidija-erasmus/services/cloudfunctions.googleapis.com [omitted]
[info] Let's create a new codebase for your functions.
[info] A directory corresponding to the codebase will be created in your project
[info] with sample code pre-configured.

[info] See https://firebase.google.com/docs/functions/organize-functions for
[info] more information on organizing your functions using codebases.

[info] Functions can be deployed with firebase deploy.

[info] i  Skipping write of functions/package.json 
[info] i  Skipping write of functions/.eslintrc.js 
[info] i  Skipping write of functions/index.js 
[info] i  Skipping write of functions/.gitignore 
[info] 
=== Hosting Setup
[debug] [2024-02-01T16:19:52.782Z] >>> [apiv2][query] GET https://firebase.googleapis.com/v1beta1/projects/lidija-erasmus [none]
[debug] [2024-02-01T16:19:53.323Z] <<< [apiv2][status] GET https://firebase.googleapis.com/v1beta1/projects/lidija-erasmus 200
[debug] [2024-02-01T16:19:53.324Z] <<< [apiv2][body] GET https://firebase.googleapis.com/v1beta1/projects/lidija-erasmus {"projectId":"lidija-erasmus","projectNumber":"211007030070","displayName":"Lidija-erasmus","name":"projects/lidija-erasmus","resources":{"hostingSite":"lidija-erasmus","realtimeDatabaseInstance":"lidija-erasmus-default-rtdb"},"state":"ACTIVE","etag":"1_d0041928-09ed-4aa9-9897-cdd8042fa168"}
[info] 
[info] Your public directory is the folder (relative to your project directory) that
[info] will contain Hosting assets to be uploaded with firebase deploy. If you
[info] have a build process for your assets, use your build's output directory.
[info] 
[info] +  Wrote public/404.html 
[debug] [2024-02-01T16:20:43.700Z] >>> [apiv2][query] GET https://www.gstatic.com/firebasejs/releases.json [none]
[debug] [2024-02-01T16:20:43.990Z] <<< [apiv2][status] GET https://www.gstatic.com/firebasejs/releases.json 200
[debug] [2024-02-01T16:20:43.991Z] <<< [apiv2][body] GET https://www.gstatic.com/firebasejs/releases.json {"current":{"version":"10.7.2","browserURL":"https://www.gstatic.com/firebasejs/10.7.2/firebase.js","packageURL":"https://www.gstatic.com/firebasejs/10.7.2/firebase.tgz"},"live":{"version":"10.7","browserURL":"https://www.gstatic.com/firebasejs/live/10.7/firebase.js","packageURL":"https://www.gstatic.com/firebasejs/live/10.7/firebase.tgz"},"components":{"analytics":"https://www.gstatic.com/firebasejs/10.7.2/firebase-analytics.js","app":"https://www.gstatic.com/firebasejs/10.7.2/firebase-app.js","app-check":"https://www.gstatic.com/firebasejs/10.7.2/firebase-app-check.js","auth":"https://www.gstatic.com/firebasejs/10.7.2/firebase-auth.js","auth/cordova":"https://www.gstatic.com/firebasejs/10.7.2/firebase-auth/cordova.js","functions":"https://www.gstatic.com/firebasejs/10.7.2/firebase-functions.js","firestore":"https://www.gstatic.com/firebasejs/10.7.2/firebase-firestore.js","firestore/lite":"https://www.gstatic.com/firebasejs/10.7.2/firebase-firestore/lite.js","installations":"https://www.gstatic.com/firebasejs/10.7.2/firebase-installations.js","storage":"https://www.gstatic.com/firebasejs/10.7.2/firebase-storage.js","performance":"https://www.gstatic.com/firebasejs/10.7.2/firebase-performance.js","remote-config":"https://www.gstatic.com/firebasejs/10.7.2/firebase-remote-config.js","messaging":"https://www.gstatic.com/firebasejs/10.7.2/firebase-messaging.js","messaging/sw":"https://www.gstatic.com/firebasejs/10.7.2/firebase-messaging/sw.js","database":"https://www.gstatic.com/firebasejs/10.7.2/firebase-database.js","firestore.memory":"https://www.gstatic.com/firebasejs/10.7.2/firebase-firestore.memory.js"}}
[info] i  Skipping write of public/index.html 
[info] 
[info] i  Detected a .git folder at C:\Users\Lidija\Desktop\Lidac\Lidija-Erasmus 
[info] i  Authorizing with GitHub to upload your service account to a GitHub repository's secrets store. 
[info] 
[info] Visit this URL on this device to log in:
[info] https://github.com/login/oauth/authorize?client_id=89cf50f02ac6aaed3484&state=373262666&redirect_uri=http%3A%2F%2Flocalhost%3A9005&scope=read%3Auser%20repo%20public_repo
[info] 
[info] Waiting for authentication...
[debug] [2024-02-01T16:20:53.813Z] >>> [apiv2][query] POST https://github.com/login/oauth/access_token [none]
[debug] [2024-02-01T16:20:53.813Z] >>> [apiv2][body] POST https://github.com/login/oauth/access_token [stream]
[debug] [2024-02-01T16:20:54.271Z] <<< [apiv2][status] POST https://github.com/login/oauth/access_token 200
[debug] [2024-02-01T16:20:54.271Z] <<< [apiv2][body] POST https://github.com/login/oauth/access_token {"access_token":"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","token_type":"bearer","scope":"read:user,repo"}
[debug] [2024-02-01T16:20:54.285Z] >>> [apiv2][query] GET https://api.github.com/user [none]
[debug] [2024-02-01T16:20:54.846Z] <<< [apiv2][status] GET https://api.github.com/user 200
[debug] [2024-02-01T16:20:54.846Z] <<< [apiv2][body] GET https://api.github.com/user {"login":"jskrlec1","id":139625049,"node_id":"U_kgDOCFKCWQ","avatar_url":"https://avatars.githubusercontent.com/u/139625049?v=4","gravatar_id":"","url":"https://api.github.com/users/jskrlec1","html_url":"https://github.com/jskrlec1","followers_url":"https://api.github.com/users/jskrlec1/followers","following_url":"https://api.github.com/users/jskrlec1/following{/other_user}","gists_url":"https://api.github.com/users/jskrlec1/gists{/gist_id}","starred_url":"https://api.github.com/users/jskrlec1/starred{/owner}{/repo}","subscriptions_url":"https://api.github.com/users/jskrlec1/subscriptions","organizations_url":"https://api.github.com/users/jskrlec1/orgs","repos_url":"https://api.github.com/users/jskrlec1/repos","events_url":"https://api.github.com/users/jskrlec1/events{/privacy}","received_events_url":"https://api.github.com/users/jskrlec1/received_events","type":"User","site_admin":false,"name":null,"company":null,"blog":"","location":null,"email":null,"hireable":null,"bio":null,"twitter_username":null,"public_repos":18,"public_gists":0,"followers":0,"following":0,"created_at":"2023-07-15T10:57:17Z","updated_at":"2024-01-31T08:54:02Z","private_gists":0,"total_private_repos":1,"owned_private_repos":1,"disk_usage":49750,"collaborators":0,"two_factor_authentication":false,"plan":{"name":"free","space":976562499,"collaborators":0,"private_repos":10000}}
[info] 
[info] +  Success! Logged into GitHub as jskrlec1 
[info] 
